<?xml version="1.0" encoding="utf-8"?><testsuites><testsuite name="pytest" errors="0" failures="1" skipped="3" tests="7" time="3.782" timestamp="2024-12-02T15:27:26.165581+01:00" hostname="OLI-OMEN"><testcase classname="bumpversion" name="FLAKE8" time="0.001"><skipped type="pytest.skip" message="file(s) previously passed FLAKE8 checks">/media/olivier/ssd1T/dev/kairntech/pyconverters_cairn_xml/.tox/py38/lib/python3.8/site-packages/pytest_flake8.py:124: file(s) previously passed FLAKE8 checks</skipped></testcase><testcase classname="src.pyconverters_cairn_xml.__init__" name="FLAKE8" time="0.060" /><testcase classname="src.pyconverters_cairn_xml.cairn_xml" name="FLAKE8" time="0.136"><failure message="/media/olivier/ssd1T/dev/kairntech/pyconverters_cairn_xml/src/pyconverters_cairn_xml/cairn_xml.py:208:5: E301 expected 1 blank line, found 0&#10;">/media/olivier/ssd1T/dev/kairntech/pyconverters_cairn_xml/src/pyconverters_cairn_xml/cairn_xml.py:208:5: E301 expected 1 blank line, found 0
</failure></testcase><testcase classname="tests.test_cairn_xml" name="FLAKE8" time="0.064" /><testcase classname="tests.test_cairn_xml" name="test_cairn_xml_list" time="0.000"><skipped type="pytest.skip" message="Not a test">/media/olivier/ssd1T/dev/kairntech/pyconverters_cairn_xml/tests/test_cairn_xml.py:15: Not a test</skipped></testcase><testcase classname="tests.test_cairn_xml" name="test_cairn_xml_xml" time="3.221" /><testcase classname="tests.test_cairn_xml" name="test_cairn_xml_corpus" time="0.001"><skipped type="pytest.skip" message="Not a test">/media/olivier/ssd1T/dev/kairntech/pyconverters_cairn_xml/tests/test_cairn_xml.py:81: Not a test</skipped></testcase></testsuite></testsuites>